Determining if the pthread_create exist failed with the following output:
Change Dir: /home/hyeok/workspace/catkin_ws/build_isolated/zed_interfaces/CMakeFiles/CMakeTmp

Run Build Command:"/usr/bin/make" "cmTC_4434b/fast"
/usr/bin/make -f CMakeFiles/cmTC_4434b.dir/build.make CMakeFiles/cmTC_4434b.dir/build
make[1]: Entering directory '/home/hyeok/workspace/catkin_ws/build_isolated/zed_interfaces/CMakeFiles/CMakeTmp'
Building C object CMakeFiles/cmTC_4434b.dir/CheckSymbolExists.c.o
/usr/bin/cc    -o CMakeFiles/cmTC_4434b.dir/CheckSymbolExists.c.o   -c /home/hyeok/workspace/catkin_ws/build_isolated/zed_interfaces/CMakeFiles/CMakeTmp/CheckSymbolExists.c
Linking C executable cmTC_4434b
/usr/bin/cmake -E cmake_link_script CMakeFiles/cmTC_4434b.dir/link.txt --verbose=1
/usr/bin/cc      -rdynamic CMakeFiles/cmTC_4434b.dir/CheckSymbolExists.c.o  -o cmTC_4434b 
CMakeFiles/cmTC_4434b.dir/CheckSymbolExists.c.o: In function `main':
CheckSymbolExists.c:(.text+0x14): undefined reference to `pthread_create'
CheckSymbolExists.c:(.text+0x18): undefined reference to `pthread_create'
collect2: error: ld returned 1 exit status
CMakeFiles/cmTC_4434b.dir/build.make:97: recipe for target 'cmTC_4434b' failed
make[1]: *** [cmTC_4434b] Error 1
make[1]: Leaving directory '/home/hyeok/workspace/catkin_ws/build_isolated/zed_interfaces/CMakeFiles/CMakeTmp'
Makefile:126: recipe for target 'cmTC_4434b/fast' failed
make: *** [cmTC_4434b/fast] Error 2

File /home/hyeok/workspace/catkin_ws/build_isolated/zed_interfaces/CMakeFiles/CMakeTmp/CheckSymbolExists.c:
/* */
#include <pthread.h>

int main(int argc, char** argv)
{
  (void)argv;
#ifndef pthread_create
  return ((int*)(&pthread_create))[argc];
#else
  (void)argc;
  return 0;
#endif
}

Determining if the function pthread_create exists in the pthreads failed with the following output:
Change Dir: /home/hyeok/workspace/catkin_ws/build_isolated/zed_interfaces/CMakeFiles/CMakeTmp

Run Build Command:"/usr/bin/make" "cmTC_e67a2/fast"
/usr/bin/make -f CMakeFiles/cmTC_e67a2.dir/build.make CMakeFiles/cmTC_e67a2.dir/build
make[1]: Entering directory '/home/hyeok/workspace/catkin_ws/build_isolated/zed_interfaces/CMakeFiles/CMakeTmp'
Building C object CMakeFiles/cmTC_e67a2.dir/CheckFunctionExists.c.o
/usr/bin/cc   -DCHECK_FUNCTION_EXISTS=pthread_create   -o CMakeFiles/cmTC_e67a2.dir/CheckFunctionExists.c.o   -c /usr/share/cmake-3.10/Modules/CheckFunctionExists.c
Linking C executable cmTC_e67a2
/usr/bin/cmake -E cmake_link_script CMakeFiles/cmTC_e67a2.dir/link.txt --verbose=1
/usr/bin/cc  -DCHECK_FUNCTION_EXISTS=pthread_create    -rdynamic CMakeFiles/cmTC_e67a2.dir/CheckFunctionExists.c.o  -o cmTC_e67a2 -lpthreads 
/usr/bin/ld: cannot find -lpthreads
collect2: error: ld returned 1 exit status
CMakeFiles/cmTC_e67a2.dir/build.make:97: recipe for target 'cmTC_e67a2' failed
make[1]: *** [cmTC_e67a2] Error 1
make[1]: Leaving directory '/home/hyeok/workspace/catkin_ws/build_isolated/zed_interfaces/CMakeFiles/CMakeTmp'
Makefile:126: recipe for target 'cmTC_e67a2/fast' failed
make: *** [cmTC_e67a2/fast] Error 2


