Determining if the pthread_create exist failed with the following output:
Change Dir: /home/hyeok/workspace/catkin_ws/build_isolated/zed_nodelet_example/CMakeFiles/CMakeTmp

Run Build Command:"/usr/bin/make" "cmTC_7a8d7/fast"
/usr/bin/make -f CMakeFiles/cmTC_7a8d7.dir/build.make CMakeFiles/cmTC_7a8d7.dir/build
make[1]: Entering directory '/home/hyeok/workspace/catkin_ws/build_isolated/zed_nodelet_example/CMakeFiles/CMakeTmp'
Building C object CMakeFiles/cmTC_7a8d7.dir/CheckSymbolExists.c.o
/usr/bin/cc    -o CMakeFiles/cmTC_7a8d7.dir/CheckSymbolExists.c.o   -c /home/hyeok/workspace/catkin_ws/build_isolated/zed_nodelet_example/CMakeFiles/CMakeTmp/CheckSymbolExists.c
Linking C executable cmTC_7a8d7
/usr/bin/cmake -E cmake_link_script CMakeFiles/cmTC_7a8d7.dir/link.txt --verbose=1
/usr/bin/cc      -rdynamic CMakeFiles/cmTC_7a8d7.dir/CheckSymbolExists.c.o  -o cmTC_7a8d7 
CMakeFiles/cmTC_7a8d7.dir/CheckSymbolExists.c.o: In function `main':
CheckSymbolExists.c:(.text+0x14): undefined reference to `pthread_create'
CheckSymbolExists.c:(.text+0x18): undefined reference to `pthread_create'
collect2: error: ld returned 1 exit status
CMakeFiles/cmTC_7a8d7.dir/build.make:97: recipe for target 'cmTC_7a8d7' failed
make[1]: *** [cmTC_7a8d7] Error 1
make[1]: Leaving directory '/home/hyeok/workspace/catkin_ws/build_isolated/zed_nodelet_example/CMakeFiles/CMakeTmp'
Makefile:126: recipe for target 'cmTC_7a8d7/fast' failed
make: *** [cmTC_7a8d7/fast] Error 2

File /home/hyeok/workspace/catkin_ws/build_isolated/zed_nodelet_example/CMakeFiles/CMakeTmp/CheckSymbolExists.c:
/* */
#include <pthread.h>

int main(int argc, char** argv)
{
  (void)argv;
#ifndef pthread_create
  return ((int*)(&pthread_create))[argc];
#else
  (void)argc;
  return 0;
#endif
}

Determining if the function pthread_create exists in the pthreads failed with the following output:
Change Dir: /home/hyeok/workspace/catkin_ws/build_isolated/zed_nodelet_example/CMakeFiles/CMakeTmp

Run Build Command:"/usr/bin/make" "cmTC_fb085/fast"
/usr/bin/make -f CMakeFiles/cmTC_fb085.dir/build.make CMakeFiles/cmTC_fb085.dir/build
make[1]: Entering directory '/home/hyeok/workspace/catkin_ws/build_isolated/zed_nodelet_example/CMakeFiles/CMakeTmp'
Building C object CMakeFiles/cmTC_fb085.dir/CheckFunctionExists.c.o
/usr/bin/cc   -DCHECK_FUNCTION_EXISTS=pthread_create   -o CMakeFiles/cmTC_fb085.dir/CheckFunctionExists.c.o   -c /usr/share/cmake-3.10/Modules/CheckFunctionExists.c
Linking C executable cmTC_fb085
/usr/bin/cmake -E cmake_link_script CMakeFiles/cmTC_fb085.dir/link.txt --verbose=1
/usr/bin/cc  -DCHECK_FUNCTION_EXISTS=pthread_create    -rdynamic CMakeFiles/cmTC_fb085.dir/CheckFunctionExists.c.o  -o cmTC_fb085 -lpthreads 
/usr/bin/ld: cannot find -lpthreads
collect2: error: ld returned 1 exit status
CMakeFiles/cmTC_fb085.dir/build.make:97: recipe for target 'cmTC_fb085' failed
make[1]: *** [cmTC_fb085] Error 1
make[1]: Leaving directory '/home/hyeok/workspace/catkin_ws/build_isolated/zed_nodelet_example/CMakeFiles/CMakeTmp'
Makefile:126: recipe for target 'cmTC_fb085/fast' failed
make: *** [cmTC_fb085/fast] Error 2


