Determining if the pthread_create exist failed with the following output:
Change Dir: /home/hyeok/workspace/catkin_ws/build_isolated/zed_display_rviz/CMakeFiles/CMakeTmp

Run Build Command:"/usr/bin/make" "cmTC_75e15/fast"
/usr/bin/make -f CMakeFiles/cmTC_75e15.dir/build.make CMakeFiles/cmTC_75e15.dir/build
make[1]: Entering directory '/home/hyeok/workspace/catkin_ws/build_isolated/zed_display_rviz/CMakeFiles/CMakeTmp'
Building C object CMakeFiles/cmTC_75e15.dir/CheckSymbolExists.c.o
/usr/bin/cc    -o CMakeFiles/cmTC_75e15.dir/CheckSymbolExists.c.o   -c /home/hyeok/workspace/catkin_ws/build_isolated/zed_display_rviz/CMakeFiles/CMakeTmp/CheckSymbolExists.c
Linking C executable cmTC_75e15
/usr/bin/cmake -E cmake_link_script CMakeFiles/cmTC_75e15.dir/link.txt --verbose=1
/usr/bin/cc      -rdynamic CMakeFiles/cmTC_75e15.dir/CheckSymbolExists.c.o  -o cmTC_75e15 
CMakeFiles/cmTC_75e15.dir/CheckSymbolExists.c.o: In function `main':
CheckSymbolExists.c:(.text+0x14): undefined reference to `pthread_create'
CheckSymbolExists.c:(.text+0x18): undefined reference to `pthread_create'
collect2: error: ld returned 1 exit status
CMakeFiles/cmTC_75e15.dir/build.make:97: recipe for target 'cmTC_75e15' failed
make[1]: *** [cmTC_75e15] Error 1
make[1]: Leaving directory '/home/hyeok/workspace/catkin_ws/build_isolated/zed_display_rviz/CMakeFiles/CMakeTmp'
Makefile:126: recipe for target 'cmTC_75e15/fast' failed
make: *** [cmTC_75e15/fast] Error 2

File /home/hyeok/workspace/catkin_ws/build_isolated/zed_display_rviz/CMakeFiles/CMakeTmp/CheckSymbolExists.c:
/* */
#include <pthread.h>

int main(int argc, char** argv)
{
  (void)argv;
#ifndef pthread_create
  return ((int*)(&pthread_create))[argc];
#else
  (void)argc;
  return 0;
#endif
}

Determining if the function pthread_create exists in the pthreads failed with the following output:
Change Dir: /home/hyeok/workspace/catkin_ws/build_isolated/zed_display_rviz/CMakeFiles/CMakeTmp

Run Build Command:"/usr/bin/make" "cmTC_60df0/fast"
/usr/bin/make -f CMakeFiles/cmTC_60df0.dir/build.make CMakeFiles/cmTC_60df0.dir/build
make[1]: Entering directory '/home/hyeok/workspace/catkin_ws/build_isolated/zed_display_rviz/CMakeFiles/CMakeTmp'
Building C object CMakeFiles/cmTC_60df0.dir/CheckFunctionExists.c.o
/usr/bin/cc   -DCHECK_FUNCTION_EXISTS=pthread_create   -o CMakeFiles/cmTC_60df0.dir/CheckFunctionExists.c.o   -c /usr/share/cmake-3.10/Modules/CheckFunctionExists.c
Linking C executable cmTC_60df0
/usr/bin/cmake -E cmake_link_script CMakeFiles/cmTC_60df0.dir/link.txt --verbose=1
/usr/bin/cc  -DCHECK_FUNCTION_EXISTS=pthread_create    -rdynamic CMakeFiles/cmTC_60df0.dir/CheckFunctionExists.c.o  -o cmTC_60df0 -lpthreads 
/usr/bin/ld: cannot find -lpthreads
collect2: error: ld returned 1 exit status
CMakeFiles/cmTC_60df0.dir/build.make:97: recipe for target 'cmTC_60df0' failed
make[1]: *** [cmTC_60df0] Error 1
make[1]: Leaving directory '/home/hyeok/workspace/catkin_ws/build_isolated/zed_display_rviz/CMakeFiles/CMakeTmp'
Makefile:126: recipe for target 'cmTC_60df0/fast' failed
make: *** [cmTC_60df0/fast] Error 2


