Determining if the pthread_create exist failed with the following output:
Change Dir: /home/hyeok/workspace/catkin_ws/build_isolated/zed_examples/CMakeFiles/CMakeTmp

Run Build Command:"/usr/bin/make" "cmTC_363da/fast"
/usr/bin/make -f CMakeFiles/cmTC_363da.dir/build.make CMakeFiles/cmTC_363da.dir/build
make[1]: Entering directory '/home/hyeok/workspace/catkin_ws/build_isolated/zed_examples/CMakeFiles/CMakeTmp'
Building C object CMakeFiles/cmTC_363da.dir/CheckSymbolExists.c.o
/usr/bin/cc    -o CMakeFiles/cmTC_363da.dir/CheckSymbolExists.c.o   -c /home/hyeok/workspace/catkin_ws/build_isolated/zed_examples/CMakeFiles/CMakeTmp/CheckSymbolExists.c
Linking C executable cmTC_363da
/usr/bin/cmake -E cmake_link_script CMakeFiles/cmTC_363da.dir/link.txt --verbose=1
/usr/bin/cc      -rdynamic CMakeFiles/cmTC_363da.dir/CheckSymbolExists.c.o  -o cmTC_363da 
CMakeFiles/cmTC_363da.dir/CheckSymbolExists.c.o: In function `main':
CheckSymbolExists.c:(.text+0x14): undefined reference to `pthread_create'
CheckSymbolExists.c:(.text+0x18): undefined reference to `pthread_create'
collect2: error: ld returned 1 exit status
CMakeFiles/cmTC_363da.dir/build.make:97: recipe for target 'cmTC_363da' failed
make[1]: *** [cmTC_363da] Error 1
make[1]: Leaving directory '/home/hyeok/workspace/catkin_ws/build_isolated/zed_examples/CMakeFiles/CMakeTmp'
Makefile:126: recipe for target 'cmTC_363da/fast' failed
make: *** [cmTC_363da/fast] Error 2

File /home/hyeok/workspace/catkin_ws/build_isolated/zed_examples/CMakeFiles/CMakeTmp/CheckSymbolExists.c:
/* */
#include <pthread.h>

int main(int argc, char** argv)
{
  (void)argv;
#ifndef pthread_create
  return ((int*)(&pthread_create))[argc];
#else
  (void)argc;
  return 0;
#endif
}

Determining if the function pthread_create exists in the pthreads failed with the following output:
Change Dir: /home/hyeok/workspace/catkin_ws/build_isolated/zed_examples/CMakeFiles/CMakeTmp

Run Build Command:"/usr/bin/make" "cmTC_0489b/fast"
/usr/bin/make -f CMakeFiles/cmTC_0489b.dir/build.make CMakeFiles/cmTC_0489b.dir/build
make[1]: Entering directory '/home/hyeok/workspace/catkin_ws/build_isolated/zed_examples/CMakeFiles/CMakeTmp'
Building C object CMakeFiles/cmTC_0489b.dir/CheckFunctionExists.c.o
/usr/bin/cc   -DCHECK_FUNCTION_EXISTS=pthread_create   -o CMakeFiles/cmTC_0489b.dir/CheckFunctionExists.c.o   -c /usr/share/cmake-3.10/Modules/CheckFunctionExists.c
Linking C executable cmTC_0489b
/usr/bin/cmake -E cmake_link_script CMakeFiles/cmTC_0489b.dir/link.txt --verbose=1
/usr/bin/cc  -DCHECK_FUNCTION_EXISTS=pthread_create    -rdynamic CMakeFiles/cmTC_0489b.dir/CheckFunctionExists.c.o  -o cmTC_0489b -lpthreads 
/usr/bin/ld: cannot find -lpthreads
collect2: error: ld returned 1 exit status
CMakeFiles/cmTC_0489b.dir/build.make:97: recipe for target 'cmTC_0489b' failed
make[1]: *** [cmTC_0489b] Error 1
make[1]: Leaving directory '/home/hyeok/workspace/catkin_ws/build_isolated/zed_examples/CMakeFiles/CMakeTmp'
Makefile:126: recipe for target 'cmTC_0489b/fast' failed
make: *** [cmTC_0489b/fast] Error 2


