Determining if the pthread_create exist failed with the following output:
Change Dir: /home/hyeok/workspace/catkin_ws/build_isolated/zed_rtabmap_example/CMakeFiles/CMakeTmp

Run Build Command:"/usr/bin/make" "cmTC_029ad/fast"
/usr/bin/make -f CMakeFiles/cmTC_029ad.dir/build.make CMakeFiles/cmTC_029ad.dir/build
make[1]: Entering directory '/home/hyeok/workspace/catkin_ws/build_isolated/zed_rtabmap_example/CMakeFiles/CMakeTmp'
Building C object CMakeFiles/cmTC_029ad.dir/CheckSymbolExists.c.o
/usr/bin/cc    -o CMakeFiles/cmTC_029ad.dir/CheckSymbolExists.c.o   -c /home/hyeok/workspace/catkin_ws/build_isolated/zed_rtabmap_example/CMakeFiles/CMakeTmp/CheckSymbolExists.c
Linking C executable cmTC_029ad
/usr/bin/cmake -E cmake_link_script CMakeFiles/cmTC_029ad.dir/link.txt --verbose=1
/usr/bin/cc      -rdynamic CMakeFiles/cmTC_029ad.dir/CheckSymbolExists.c.o  -o cmTC_029ad 
CMakeFiles/cmTC_029ad.dir/CheckSymbolExists.c.o: In function `main':
CheckSymbolExists.c:(.text+0x14): undefined reference to `pthread_create'
CheckSymbolExists.c:(.text+0x18): undefined reference to `pthread_create'
collect2: error: ld returned 1 exit status
CMakeFiles/cmTC_029ad.dir/build.make:97: recipe for target 'cmTC_029ad' failed
make[1]: *** [cmTC_029ad] Error 1
make[1]: Leaving directory '/home/hyeok/workspace/catkin_ws/build_isolated/zed_rtabmap_example/CMakeFiles/CMakeTmp'
Makefile:126: recipe for target 'cmTC_029ad/fast' failed
make: *** [cmTC_029ad/fast] Error 2

File /home/hyeok/workspace/catkin_ws/build_isolated/zed_rtabmap_example/CMakeFiles/CMakeTmp/CheckSymbolExists.c:
/* */
#include <pthread.h>

int main(int argc, char** argv)
{
  (void)argv;
#ifndef pthread_create
  return ((int*)(&pthread_create))[argc];
#else
  (void)argc;
  return 0;
#endif
}

Determining if the function pthread_create exists in the pthreads failed with the following output:
Change Dir: /home/hyeok/workspace/catkin_ws/build_isolated/zed_rtabmap_example/CMakeFiles/CMakeTmp

Run Build Command:"/usr/bin/make" "cmTC_22a86/fast"
/usr/bin/make -f CMakeFiles/cmTC_22a86.dir/build.make CMakeFiles/cmTC_22a86.dir/build
make[1]: Entering directory '/home/hyeok/workspace/catkin_ws/build_isolated/zed_rtabmap_example/CMakeFiles/CMakeTmp'
Building C object CMakeFiles/cmTC_22a86.dir/CheckFunctionExists.c.o
/usr/bin/cc   -DCHECK_FUNCTION_EXISTS=pthread_create   -o CMakeFiles/cmTC_22a86.dir/CheckFunctionExists.c.o   -c /usr/share/cmake-3.10/Modules/CheckFunctionExists.c
Linking C executable cmTC_22a86
/usr/bin/cmake -E cmake_link_script CMakeFiles/cmTC_22a86.dir/link.txt --verbose=1
/usr/bin/cc  -DCHECK_FUNCTION_EXISTS=pthread_create    -rdynamic CMakeFiles/cmTC_22a86.dir/CheckFunctionExists.c.o  -o cmTC_22a86 -lpthreads 
/usr/bin/ld: cannot find -lpthreads
collect2: error: ld returned 1 exit status
CMakeFiles/cmTC_22a86.dir/build.make:97: recipe for target 'cmTC_22a86' failed
make[1]: *** [cmTC_22a86] Error 1
make[1]: Leaving directory '/home/hyeok/workspace/catkin_ws/build_isolated/zed_rtabmap_example/CMakeFiles/CMakeTmp'
Makefile:126: recipe for target 'cmTC_22a86/fast' failed
make: *** [cmTC_22a86/fast] Error 2


