Determining if the pthread_create exist failed with the following output:
Change Dir: /home/hyeok/workspace/catkin_ws/build_isolated/zed_obj_det_sub_tutorial/CMakeFiles/CMakeTmp

Run Build Command:"/usr/bin/make" "cmTC_a818a/fast"
/usr/bin/make -f CMakeFiles/cmTC_a818a.dir/build.make CMakeFiles/cmTC_a818a.dir/build
make[1]: Entering directory '/home/hyeok/workspace/catkin_ws/build_isolated/zed_obj_det_sub_tutorial/CMakeFiles/CMakeTmp'
Building C object CMakeFiles/cmTC_a818a.dir/CheckSymbolExists.c.o
/usr/bin/cc    -o CMakeFiles/cmTC_a818a.dir/CheckSymbolExists.c.o   -c /home/hyeok/workspace/catkin_ws/build_isolated/zed_obj_det_sub_tutorial/CMakeFiles/CMakeTmp/CheckSymbolExists.c
Linking C executable cmTC_a818a
/usr/bin/cmake -E cmake_link_script CMakeFiles/cmTC_a818a.dir/link.txt --verbose=1
/usr/bin/cc      -rdynamic CMakeFiles/cmTC_a818a.dir/CheckSymbolExists.c.o  -o cmTC_a818a 
CMakeFiles/cmTC_a818a.dir/CheckSymbolExists.c.o: In function `main':
CheckSymbolExists.c:(.text+0x14): undefined reference to `pthread_create'
CheckSymbolExists.c:(.text+0x18): undefined reference to `pthread_create'
collect2: error: ld returned 1 exit status
CMakeFiles/cmTC_a818a.dir/build.make:97: recipe for target 'cmTC_a818a' failed
make[1]: *** [cmTC_a818a] Error 1
make[1]: Leaving directory '/home/hyeok/workspace/catkin_ws/build_isolated/zed_obj_det_sub_tutorial/CMakeFiles/CMakeTmp'
Makefile:126: recipe for target 'cmTC_a818a/fast' failed
make: *** [cmTC_a818a/fast] Error 2

File /home/hyeok/workspace/catkin_ws/build_isolated/zed_obj_det_sub_tutorial/CMakeFiles/CMakeTmp/CheckSymbolExists.c:
/* */
#include <pthread.h>

int main(int argc, char** argv)
{
  (void)argv;
#ifndef pthread_create
  return ((int*)(&pthread_create))[argc];
#else
  (void)argc;
  return 0;
#endif
}

Determining if the function pthread_create exists in the pthreads failed with the following output:
Change Dir: /home/hyeok/workspace/catkin_ws/build_isolated/zed_obj_det_sub_tutorial/CMakeFiles/CMakeTmp

Run Build Command:"/usr/bin/make" "cmTC_d0614/fast"
/usr/bin/make -f CMakeFiles/cmTC_d0614.dir/build.make CMakeFiles/cmTC_d0614.dir/build
make[1]: Entering directory '/home/hyeok/workspace/catkin_ws/build_isolated/zed_obj_det_sub_tutorial/CMakeFiles/CMakeTmp'
Building C object CMakeFiles/cmTC_d0614.dir/CheckFunctionExists.c.o
/usr/bin/cc   -DCHECK_FUNCTION_EXISTS=pthread_create   -o CMakeFiles/cmTC_d0614.dir/CheckFunctionExists.c.o   -c /usr/share/cmake-3.10/Modules/CheckFunctionExists.c
Linking C executable cmTC_d0614
/usr/bin/cmake -E cmake_link_script CMakeFiles/cmTC_d0614.dir/link.txt --verbose=1
/usr/bin/cc  -DCHECK_FUNCTION_EXISTS=pthread_create    -rdynamic CMakeFiles/cmTC_d0614.dir/CheckFunctionExists.c.o  -o cmTC_d0614 -lpthreads 
/usr/bin/ld: cannot find -lpthreads
collect2: error: ld returned 1 exit status
CMakeFiles/cmTC_d0614.dir/build.make:97: recipe for target 'cmTC_d0614' failed
make[1]: *** [cmTC_d0614] Error 1
make[1]: Leaving directory '/home/hyeok/workspace/catkin_ws/build_isolated/zed_obj_det_sub_tutorial/CMakeFiles/CMakeTmp'
Makefile:126: recipe for target 'cmTC_d0614/fast' failed
make: *** [cmTC_d0614/fast] Error 2


